[    0.000000] Initializing cgroup subsys cpuset
[    0.000000] Initializing cgroup subsys cpu
[    0.000000] Initializing cgroup subsys cpuacct
[    0.000000] Linux version 4.4.0-166-generic (buildd@lcy01-amd64-020) (gcc version 5.4.0 20160609 (Ubuntu 5.4.0-6ubuntu1~16.04.10) ) #195-Ubuntu SMP Tue Oct 1 09:35:25 UTC 2019 (Ubuntu 4.4.0-166.195-generic 4.4.194)
[    0.000000] Command line: BOOT_IMAGE=/boot/vmlinuz-4.4.0-166-generic root=LABEL=cloudimg-rootfs ro console=tty1 console=ttyS0
[    0.000000] KERNEL supported cpus:
[    0.000000]   Intel GenuineIntel
[    0.000000]   AMD AuthenticAMD
[    0.000000]   Centaur CentaurHauls
[    0.000000] x86/fpu: xstate_offset[2]:  576, xstate_sizes[2]:  256
[    0.000000] x86/fpu: Supporting XSAVE feature 0x01: 'x87 floating point registers'
[    0.000000] x86/fpu: Supporting XSAVE feature 0x02: 'SSE registers'
[    0.000000] x86/fpu: Supporting XSAVE feature 0x04: 'AVX registers'
[    0.000000] x86/fpu: Enabled xstate features 0x7, context size is 832 bytes, using 'standard' format.
[    0.000000] e820: BIOS-provided physical RAM map:
[    0.000000] BIOS-e820: [mem 0x0000000000000000-0x000000000009fbff] usable
[    0.000000] BIOS-e820: [mem 0x000000000009fc00-0x000000000009ffff] reserved
[    0.000000] BIOS-e820: [mem 0x00000000000f0000-0x00000000000fffff] reserved
[    0.000000] BIOS-e820: [mem 0x0000000000100000-0x000000003ffeffff] usable
[    0.000000] BIOS-e820: [mem 0x000000003fff0000-0x000000003fffffff] ACPI data
[    0.000000] BIOS-e820: [mem 0x00000000fec00000-0x00000000fec00fff] reserved
[    0.000000] BIOS-e820: [mem 0x00000000fee00000-0x00000000fee00fff] reserved
[    0.000000] BIOS-e820: [mem 0x00000000fffc0000-0x00000000ffffffff] reserved
[    0.000000] NX (Execute Disable) protection: active
[    0.000000] SMBIOS 2.5 present.
[    0.000000] Hypervisor detected: KVM
[    0.000000] e820: last_pfn = 0x3fff0 max_arch_pfn = 0x400000000
[    0.000000] MTRR: Disabled
[    0.000000] x86/PAT: MTRRs disabled, skipping PAT initialization too.
[    0.000000] CPU MTRRs all blank - virtualized system.
[    0.000000] x86/PAT: Configuration [0-7]: WB  WT  UC- UC  WB  WT  UC- UC  
[    0.000000] found SMP MP-table at [mem 0x0009fff0-0x0009ffff] mapped at [ffff88000009fff0]
[    0.000000] Scanning 1 areas for low memory corruption
[    0.000000] RAMDISK: [mem 0x362f6000-0x37172fff]
[    0.000000] ACPI: Early table checksum verification disabled
[    0.000000] ACPI: RSDP 0x00000000000E0000 000024 (v02 VBOX  )
[    0.000000] ACPI: XSDT 0x000000003FFF0030 00003C (v01 VBOX   VBOXXSDT 00000001 ASL  00000061)
[    0.000000] ACPI: FACP 0x000000003FFF00F0 0000F4 (v04 VBOX   VBOXFACP 00000001 ASL  00000061)
[    0.000000] ACPI: DSDT 0x000000003FFF0470 0022EA (v02 VBOX   VBOXBIOS 00000002 INTL 20180105)
[    0.000000] ACPI: FACS 0x000000003FFF0200 000040
[    0.000000] ACPI: FACS 0x000000003FFF0200 000040
[    0.000000] ACPI: APIC 0x000000003FFF0240 00005C (v02 VBOX   VBOXAPIC 00000001 ASL  00000061)
[    0.000000] ACPI: SSDT 0x000000003FFF02A0 0001CC (v01 VBOX   VBOXCPUT 00000002 INTL 20180105)
[    0.000000] No NUMA configuration found
[    0.000000] Faking a node at [mem 0x0000000000000000-0x000000003ffeffff]
[    0.000000] NODE_DATA(0) allocated [mem 0x3ffeb000-0x3ffeffff]
[    0.000000] kvm-clock: Using msrs 4b564d01 and 4b564d00
[    0.000000] kvm-clock: cpu 0, msr 0:3ffe3001, primary cpu clock
[    0.000000] kvm-clock: using sched offset of 3121463374 cycles
[    0.000000] clocksource: kvm-clock: mask: 0xffffffffffffffff max_cycles: 0x1cd42e4dffb, max_idle_ns: 881590591483 ns
[    0.000000] Zone ranges:
[    0.000000]   DMA      [mem 0x0000000000001000-0x0000000000ffffff]
[    0.000000]   DMA32    [mem 0x0000000001000000-0x000000003ffeffff]
[    0.000000]   Normal   empty
[    0.000000]   Device   empty
[    0.000000] Movable zone start for each node
[    0.000000] Early memory node ranges
[    0.000000]   node   0: [mem 0x0000000000001000-0x000000000009efff]
[    0.000000]   node   0: [mem 0x0000000000100000-0x000000003ffeffff]
[    0.000000] Initmem setup node 0 [mem 0x0000000000001000-0x000000003ffeffff]
[    0.000000] ACPI: PM-Timer IO Port: 0x4008
[    0.000000] IOAPIC[0]: apic_id 2, version 32, address 0xfec00000, GSI 0-23
[    0.000000] ACPI: INT_SRC_OVR (bus 0 bus_irq 0 global_irq 2 dfl dfl)
[    0.000000] ACPI: INT_SRC_OVR (bus 0 bus_irq 9 global_irq 9 low level)
[    0.000000] Using ACPI (MADT) for SMP configuration information
[    0.000000] smpboot: Allowing 2 CPUs, 0 hotplug CPUs
[    0.000000] PM: Registered nosave memory: [mem 0x00000000-0x00000fff]
[    0.000000] PM: Registered nosave memory: [mem 0x0009f000-0x0009ffff]
[    0.000000] PM: Registered nosave memory: [mem 0x000a0000-0x000effff]
[    0.000000] PM: Registered nosave memory: [mem 0x000f0000-0x000fffff]
[    0.000000] e820: [mem 0x40000000-0xfebfffff] available for PCI devices
[    0.000000] Booting paravirtualized kernel on KVM
[    0.000000] clocksource: refined-jiffies: mask: 0xffffffff max_cycles: 0xffffffff, max_idle_ns: 7645519600211568 ns
[    0.000000] setup_percpu: NR_CPUS:512 nr_cpumask_bits:512 nr_cpu_ids:2 nr_node_ids:1
[    0.000000] PERCPU: Embedded 34 pages/cpu @ffff88003fc00000 s99544 r8192 d31528 u1048576
[    0.000000] Built 1 zonelists in Node order, mobility grouping on.  Total pages: 257912
[    0.000000] Policy zone: DMA32
[    0.000000] Kernel command line: BOOT_IMAGE=/boot/vmlinuz-4.4.0-166-generic root=LABEL=cloudimg-rootfs ro console=tty1 console=ttyS0
[    0.000000] PID hash table entries: 4096 (order: 3, 32768 bytes)
[    0.000000] Memory: 997712K/1048120K available (8623K kernel code, 1336K rwdata, 4036K rodata, 1488K init, 1288K bss, 50408K reserved, 0K cma-reserved)
[    0.000000] SLUB: HWalign=64, Order=0-3, MinObjects=0, CPUs=2, Nodes=1
[    0.000000] Kernel/User page tables isolation: enabled
[    0.000000] Hierarchical RCU implementation.
[    0.000000] 	Build-time adjustment of leaf fanout to 64.
[    0.000000] 	RCU restricting CPUs from NR_CPUS=512 to nr_cpu_ids=2.
[    0.000000] RCU: Adjusting geometry for rcu_fanout_leaf=64, nr_cpu_ids=2
[    0.000000] NR_IRQS:33024 nr_irqs:440 16
[    0.000000] Console: colour VGA+ 80x25
[    0.000000] console [tty1] enabled
[    0.000000] console [ttyS0] enabled
[    0.000000] tsc: Detected 1799.999 MHz processor
[    0.108588] Calibrating delay loop (skipped) preset value.. 3599.99 BogoMIPS (lpj=7199996)
[    0.109976] pid_max: default: 32768 minimum: 301
[    0.110711] ACPI: Core revision 20150930
[    0.112111] ACPI: 2 ACPI AML tables successfully acquired and loaded
[    0.113172] Security Framework initialized
[    0.113889] Yama: becoming mindful.
[    0.114486] AppArmor: AppArmor initialized
[    0.115222] Dentry cache hash table entries: 131072 (order: 8, 1048576 bytes)
[    0.116796] Inode-cache hash table entries: 65536 (order: 7, 524288 bytes)
[    0.117865] Mount-cache hash table entries: 2048 (order: 2, 16384 bytes)
[    0.118827] Mountpoint-cache hash table entries: 2048 (order: 2, 16384 bytes)
[    0.119964] Initializing cgroup subsys io
[    0.120613] Initializing cgroup subsys memory
[    0.121320] Initializing cgroup subsys devices
[    0.122096] Initializing cgroup subsys freezer
[    0.122814] Initializing cgroup subsys net_cls
[    0.123524] Initializing cgroup subsys perf_event
[    0.124282] Initializing cgroup subsys net_prio
[    0.125056] Initializing cgroup subsys hugetlb
[    0.125774] Initializing cgroup subsys pids
[    0.128125] mce: CPU supports 0 MCE banks
[    0.128816] Last level iTLB entries: 4KB 64, 2MB 8, 4MB 8
[    0.129661] Last level dTLB entries: 4KB 64, 2MB 0, 4MB 0, 1GB 4
[    0.130551] Spectre V1 : Mitigation: usercopy/swapgs barriers and __user pointer sanitization
[    0.131875] Spectre V2 : Mitigation: Full generic retpoline
[    0.132689] Spectre V2 : Spectre v2 / SpectreRSB mitigation: Filling RSB on context switch
[    0.133965] Speculative Store Bypass: Vulnerable
[    0.134764] MDS: Mitigation: Clear CPU buffers
[    0.137795] Freeing SMP alternatives memory: 36K
[    0.143675] ftrace: allocating 32296 entries in 127 pages
[    0.196495] smpboot: APIC(0) Converting physical 0 to logical package 0
[    0.198361] smpboot: Max logical packages: 1
[    0.199265] x2apic enabled
[    0.199989] Switched APIC routing to physical x2apic.
[    0.201801] ..TIMER: vector=0x30 apic1=0 pin1=2 apic2=-1 pin2=-1
[    0.310776] smpboot: CPU0: Intel(R) Core(TM) i5-8250U CPU @ 1.60GHz (family: 0x6, model: 0x8e, stepping: 0xa)
[    0.312703] Performance Events: unsupported p6 CPU model 142 no PMU driver, software events only.
[    0.325939] KVM setup paravirtual spinlock
[    0.327306] x86: Booting SMP configuration:
[    0.328124] .... node  #0, CPUs:      #1
[    0.328979] kvm-clock: cpu 1, msr 0:3ffe3041, secondary cpu clock
[    0.331262] mce: CPU supports 0 MCE banks
[    0.333740] x86: Booted up 1 node, 2 CPUs
[    0.334607] smpboot: Total of 2 processors activated (7199.99 BogoMIPS)
[    0.336034] devtmpfs: initialized
[    0.338074] evm: security.selinux
[    0.338689] evm: security.SMACK64
[    0.339278] evm: security.SMACK64EXEC
[    0.339962] evm: security.SMACK64TRANSMUTE
[    0.340665] evm: security.SMACK64MMAP
[    0.341301] evm: security.ima
[    0.341849] evm: security.capability
[    0.342704] clocksource: jiffies: mask: 0xffffffff max_cycles: 0xffffffff, max_idle_ns: 7645041785100000 ns
[    0.344314] futex hash table entries: 512 (order: 3, 32768 bytes)
[    0.345386] pinctrl core: initialized pinctrl subsystem
[    0.346278] RTC time: 19:15:20, date: 11/11/19
[    0.347179] NET: Registered protocol family 16
[    0.359281] cpuidle: using governor ladder
[    0.372005] cpuidle: using governor menu
[    0.373222] PCCT header not found.
[    0.374322] ACPI: bus type PCI registered
[    0.375462] acpiphp: ACPI Hot Plug PCI Controller Driver version: 0.5
[    0.377187] PCI: Using configuration type 1 for base access
[    0.394932] ACPI: Added _OSI(Module Device)
[    0.397588] ACPI: Added _OSI(Processor Device)
[    0.399507] ACPI: Added _OSI(3.0 _SCP Extensions)
[    0.400232] ACPI: Added _OSI(Processor Aggregator Device)
[    0.401640] ACPI: Executed 1 blocks of module-level executable AML code
[    0.404364] ACPI: Interpreter enabled
[    0.405037] ACPI: (supports S0 S5)
[    0.405638] ACPI: Using IOAPIC for interrupt routing
[    0.406514] PCI: Using host bridge windows from ACPI; if necessary, use "pci=nocrs" and report a bug
[    0.410699] ACPI: PCI Root Bridge [PCI0] (domain 0000 [bus 00-ff])
[    0.411655] acpi PNP0A03:00: _OSC: OS supports [ASPM ClockPM Segments MSI]
[    0.412921] acpi PNP0A03:00: _OSC: not requesting OS control; OS requires [ExtendedConfig ASPM ClockPM MSI]
[    0.414519] acpi PNP0A03:00: fail to add MMCONFIG information, can't access extended PCI configuration space under this bridge.
[    0.416375] PCI host bridge to bus 0000:00
[    0.417077] pci_bus 0000:00: root bus resource [io  0x0000-0x0cf7 window]
[    0.418027] pci_bus 0000:00: root bus resource [io  0x0d00-0xffff window]
[    0.418994] pci_bus 0000:00: root bus resource [mem 0x000a0000-0x000bffff window]
[    0.420216] pci_bus 0000:00: root bus resource [mem 0x40000000-0xfdffffff window]
[    0.422514] pci_bus 0000:00: root bus resource [bus 00-ff]
[    0.425737] pci 0000:00:01.1: legacy IDE quirk: reg 0x10: [io  0x01f0-0x01f7]
[    0.426739] pci 0000:00:01.1: legacy IDE quirk: reg 0x14: [io  0x03f6]
[    0.427673] pci 0000:00:01.1: legacy IDE quirk: reg 0x18: [io  0x0170-0x0177]
[    0.428700] pci 0000:00:01.1: legacy IDE quirk: reg 0x1c: [io  0x0376]
[    0.451742] pci 0000:00:07.0: quirk: [io  0x4000-0x403f] claimed by PIIX4 ACPI
[    0.453075] pci 0000:00:07.0: quirk: [io  0x4100-0x410f] claimed by PIIX4 SMB
[    0.458091] ACPI: PCI Interrupt Link [LNKA] (IRQs 5 9 10 *11)
[    0.459595] ACPI: PCI Interrupt Link [LNKB] (IRQs 5 9 *10 11)
[    0.461005] ACPI: PCI Interrupt Link [LNKC] (IRQs 5 *9 10 11)
[    0.462408] ACPI: PCI Interrupt Link [LNKD] (IRQs 5 9 10 *11)
[    0.464209] ACPI: Enabled 2 GPEs in block 00 to 07
[    0.465507] vgaarb: setting as boot device: PCI:0000:00:02.0
[    0.466342] vgaarb: device added: PCI:0000:00:02.0,decodes=io+mem,owns=io+mem,locks=none
[    0.467616] vgaarb: loaded
[    0.468120] vgaarb: bridge control possible 0000:00:02.0
[    0.469166] SCSI subsystem initialized
[    0.469947] ACPI: bus type USB registered
[    0.470811] usbcore: registered new interface driver usbfs
[    0.471891] usbcore: registered new interface driver hub
[    0.472699] usbcore: registered new device driver usb
[    0.473805] PCI: Using ACPI for IRQ routing
[    0.474781] NetLabel: Initializing
[    0.475363] NetLabel:  domain hash size = 128
[    0.476092] NetLabel:  protocols = UNLABELED CIPSOv4
[    0.477252] NetLabel:  unlabeled traffic allowed by default
[    0.478490] amd_nb: Cannot enumerate AMD northbridges
[    0.479472] clocksource: Switched to clocksource kvm-clock
[    0.486173] AppArmor: AppArmor Filesystem Enabled
[    0.487146] pnp: PnP ACPI init
[    0.488334] pnp: PnP ACPI: found 3 devices
[    0.497586] clocksource: acpi_pm: mask: 0xffffff max_cycles: 0xffffff, max_idle_ns: 2085701024 ns
[    0.499051] NET: Registered protocol family 2
[    0.500208] TCP established hash table entries: 8192 (order: 4, 65536 bytes)
[    0.501396] TCP bind hash table entries: 8192 (order: 5, 131072 bytes)
[    0.502361] TCP: Hash tables configured (established 8192 bind 8192)
[    0.503298] UDP hash table entries: 512 (order: 2, 16384 bytes)
[    0.504227] UDP-Lite hash table entries: 512 (order: 2, 16384 bytes)
[    0.505185] NET: Registered protocol family 1
[    0.505885] pci 0000:00:00.0: Limiting direct PCI/PCI transfers
[    0.506846] pci 0000:00:01.0: Activating ISA DMA hang workarounds
[    0.508201] Unpacking initramfs...
[    0.694424] Freeing initrd memory: 14836K
[    0.695351] clocksource: tsc: mask: 0xffffffffffffffff max_cycles: 0x19f228ab7a2, max_idle_ns: 440795289252 ns
[    0.697207] platform rtc_cmos: registered platform RTC device (no PNP device found)
[    0.698638] Scanning for low memory corruption every 60 seconds
[    0.699919] audit: initializing netlink subsys (disabled)
[    0.700984] audit: type=2000 audit(1573499725.088:1): initialized
[    0.702340] Initialise system trusted keyring
[    0.703352] HugeTLB registered 2 MB page size, pre-allocated 0 pages
[    0.705540] zbud: loaded
[    0.706413] VFS: Disk quotas dquot_6.6.0
[    0.707185] VFS: Dquot-cache hash table entries: 512 (order 0, 4096 bytes)
[    0.708544] squashfs: version 4.0 (2009/01/31) Phillip Lougher
[    0.709813] fuse init (API version 7.23)
[    0.710666] Key type big_key registered
[    0.711411] Allocating IMA MOK and blacklist keyrings.
[    0.713125] Key type asymmetric registered
[    0.713895] Asymmetric key parser 'x509' registered
[    0.714806] Block layer SCSI generic (bsg) driver version 0.4 loaded (major 249)
[    0.716236] io scheduler noop registered
[    0.716987] io scheduler deadline registered (default)
[    0.718670] io scheduler cfq registered
[    0.719710] pci_hotplug: PCI Hot Plug PCI Core version: 0.5
[    0.720795] pciehp: PCI Express Hot Plug Controller Driver version: 0.4
[    0.722019] ACPI: AC Adapter [AC] (off-line)
[    0.722854] input: Power Button as /devices/LNXSYSTM:00/LNXPWRBN:00/input/input0
[    0.724257] ACPI: Power Button [PWRF]
[    0.725026] input: Sleep Button as /devices/LNXSYSTM:00/LNXSLPBN:00/input/input1
[    0.726394] ACPI: Sleep Button [SLPF]
[    0.727748] ACPI: Battery Slot [BAT0] (battery present)
[    0.728695] GHES: HEST is not enabled!
[    0.729502] Serial: 8250/16550 driver, 32 ports, IRQ sharing enabled
[    0.751170] 00:02: ttyS0 at I/O 0x3f8 (iq = 4, base_baud = 115200) is a 16550A
    0.754592] Linux agpgart interface v0.103
[    0.756534] loop: module loaded
[    0.757646] scsi host0: ata_piix
[    0.758378] scsi host1: ata_piix
[    0.759047] ata1: PATA max UDMA/33 cmd 0x1f0 ctl 0x3f6 bmdma 0xd000 irq 14
[    0.760205] ata2: PATA max UDMA/33 cmd 0x170 ctl 0x376 bmdma 0xd008 irq 15
[    0.761427] libphy: Fixed MDIO Bus: probed
[    0.762202] tun: Universal TUN/TAP device driver, 1.6
[    0.763088] tun: (C) 1999-2004 Max Krasnyansky <maxk@qualcomm.com>
[    0.764214] PPP generic driver version 2.4.2
[    0.765010] ehci_hcd: USB 2.0 'Enhanced' Host Controller (EHCI) Driver
[    0.765958] ehci-pci: EHCI PCI platform driver
[    0.766746] ehci-platform: EHCI generic platform driver
[    0.767822] ohci_hcd: USB 1.1 'Open' Host Controller (OHCI) Driver
[    0.769397] ohci-pci: OHCI PCI platform driver
[    0.770319] ohci-platform: OHCI generic platform driver
[    0.771202] uhci_hcd: USB Universal Host Controller Interface driver
[    0.772238] i8042: PNP: PS/2 Controller [PNP0303:PS2K,PNP0f03:PS2M] at 0x60,0x64 irq 1,12
[    0.773963] serio: i8042 KBD port at 0x60,0x64 irq 1
[    0.774762] serio: i8042 AUX port at 0x60,0x64 irq 12
[    0.775688] mousedev: PS/2 mouse device common for all mice
[    0.776916] rtc_cmos rtc_cmos: rtc core: registered rtc_cmos as rtc0
[    0.777931] input: AT Translated Set 2 keyboard as /devices/platform/i8042/serio0/input/input2
[    0.779430] rtc_cmos rtc_cmos: alarms up to one day, 114 bytes nvram
[    0.780473] i2c /dev entries driver
[    0.781130] device-mapper: uevent: version 1.0.3
[    0.781897] device-mapper: ioctl: 4.34.0-ioctl (2015-10-28) initialised: dm-devel@redhat.com
[    0.783320] ledtrig-cpu: registered to indicate activity on CPUs
[    0.785840] NET: Registered protocol family 10
[    0.787076] NET: Registered protocol family 17
[    0.787869] Key type dns_resolver registered
[    0.788790] registered taskstats version 1
[    0.789507] Loading compiled-in X.509 certificates
[    0.790743] Loaded X.509 cert 'Build time autogenerated kernel key: 75bc1b51278a37d3abb49bab6b1b0161a6cc9ec0'
[    0.792286] zswap: loaded using pool lzo/zbud
[    0.794439] Key type trusted registered
[    0.797816] Key type encrypted registered
[    0.798487] AppArmor: AppArmor sha1 policy hashing enabled
[    0.799348] ima: No TPM chip found, activating TPM-bypass!
[    0.800325] ima: Allocated hash algorithm: sha1
[    0.801392] evm: HMAC attrs: 0x1
[    0.802875]   Magic number: 11:592:293
[    0.803624] tty tty26: hash matches
[    0.804350] rtc_cmos rtc_cmos: setting system clock to 2019-11-11 19:15:20 UTC (1573499720)
[    0.805811] BIOS EDD facility v0.16 2004-Jun-25, 0 devices found
[    0.806689] EDD information not available.
[    0.923456] Freeing unused kernel memory: 1488K
[    0.927005] Write protecting the kernel read-only data: 14336k
[    0.932998] Freeing unused kernel memory: 1604K
[    0.937041] Freeing unused kernel memory: 60K
Loading, please wait...
starting version 229
[    0.960241] random: systemd-udevd: uninitialized urandom read (16 bytes read, 3 bits of entropy available)
[    0.961247] random: udevadm: uninitialized urandom read (16 bytes read, 3 bits of entropy available)
[    0.961274] random: udevadm: uninitialized urandom read (16 bytes read, 3 bits of entropy available)
[    0.969211] random: systemd-udevd: uninitialized urandom read (16 bytes read, 3 bits of entropy available)
[    0.971333] random: systemd-udevd: uninitialized urandom read (16 bytes read, 3 bits of entropy available)
[    0.971961] random: udevadm: uninitialized urandom read (16 bytes read, 3 bits of entropy available)
[    0.972045] random: udevadm: uninitialized urandom read (16 bytes read, 3 bits of entropy available)
[    0.972238] random: udevadm: uninitialized urandom read (16 bytes read, 3 bits of entropy available)
[    0.972308] random: udevadm: uninitialized urandom read (16 bytes read, 3 bits of entropy available)
[    0.972377] random: udevadm: uninitialized urandom read (16 bytes read, 3 bits of entropy available)
[    1.012451] e1000: Intel(R) PRO/1000 Network Driver - version 7.3.21-k8-NAPI
[    1.013496] e1000: Copyright (c) 1999-2006 Intel Corporation.
[    1.015581] Fusion MPT base driver 3.04.20
[    1.016353] Copyright (c) 1999-2008 LSI Corporation
[    1.022337] Fusion MPT SPI Host driver 3.04.20
[    1.033151] AVX2 version of gcm_enc/dec engaged.
[    1.034006] AES CTR mode by8 optimization enabled
[    1.230119] input: ImExPS/2 Generic Explorer Mouse as /devices/platform/i8042/serio1/input/input4
[    1.368481] e1000 0000:00:03.0 eth0: (PCI:33MHz:32-bit) 02:ba:5f:3b:91:b0
[    1.370423] e1000 0000:00:03.0 eth0: Intel(R) PRO/1000 Network Connection
[    1.372584] mptbase: ioc0: Initiating bringup
[    1.372615] e1000 0000:00:03.0 enp0s3: renamed from eth0
[    1.442898] ioc0: LSI53C1030 A0: Capabilities={Initiator}
[    2.145982] scsi host2: ioc0: LSI53C1030 A0, FwRev=00000000h, Ports=1, MaxQ=256, IRQ=20
[    2.617845] scsi 2:0:0:0: Direct-Access     VBOX     HARDDISK         1.0  PQ: 0 ANSI: 5
[    2.623739] scsi target2:0:0: Beginning Domain Validation
[    2.630053] scsi target2:0:0: Domain Validation skipping write tests
[    2.633745] scsi target2:0:0: Ending Domain Validation
[    2.637001] scsi target2:0:0: asynchronous
[    2.640932] scsi 2:0:1:0: Direct-Access     VBOX     HARDDISK         1.0  PQ: 0 ANSI: 5
[    2.645995] scsi target2:0:1: Beginning Domain Validation
[    2.650308] scsi target2:0:1: Domain Validation skipping write tests
[    2.652799] scsi target2:0:1: Ending Domain Validation
[    2.667100] scsi target2:0:1: asynchronous
[    2.672586] sd 2:0:0:0: [sda] 20971520 512-byte logical blocks: (10.7 GB/10.0 GiB)
[    2.674141] sd 2:0:0:0: Attached scsi generic sg0 type 0
[    2.675063] sd 2:0:0:0: [sda] Write Protect is off
[    2.676008] sd 2:0:0:0: [sda] Incomplete mode parameter data
[    2.676902] sd 2:0:0:0: [sda] Assuming drive cache: write through
[    2.678181] sd 2:0:1:0: [sdb] 20480 512-byte logical blocks: (10.5 MB/10.0 MiB)
[    2.679544] sd 2:0:1:0: [sdb] Write Protect is off
[    2.680379] sd 2:0:1:0: [sdb] Incomplete mode parameter data
[    2.681257] sd 2:0:1:0: [sdb] Assuming drive cache: write through
[    2.682267] sd 2:0:1:0: Attached scsi generic sg1 type 0
[    2.685986]  sda: sda1
[    2.687234] sd 2:0:1:0: [sdb] Attached SCSI disk
[    2.688014] sd 2:0:0:0: [sda] Attached SCSI disk
Begin: Loading essential drivers ... [    4.113128] md: linear personality registered for level -1
[    4.117622] md: multipath personality registered for level -4
[    4.122117] md: raid0 personality registered for level 0
[    4.127584] md: raid1 personality registered for level 1
[    4.199593] raid6: sse2x1   gen()  8240 MB/s
[    4.267583] raid6: sse2x1   xor()  6797 MB/s
[    4.335592] raid6: sse2x2   gen() 10481 MB/s
[    4.403588] raid6: sse2x2   xor()  7140 MB/s
[    4.471574] raid6: sse2x4   gen() 12108 MB/s
[    4.541363] raid6: sse2x4   xor()  8504 MB/s
[    4.607575] raid6: avx2x1   gen() 17433 MB/s
[    4.675570] raid6: avx2x2   gen() 20158 MB/s
[    4.743562] raid6: avx2x4   gen() 21983 MB/s
[    4.744465] raid6: using algorithm avx2x4 gen() 21983 MB/s
[    4.745508] raid6: using avx2x2 recovery algorithm
[    4.747823] xor: automatically using best checksumming function:
[    4.804359]    avx       : 62123.000 MB/sec
[    4.806540] async_tx: api initialized (async)
[    4.816992] md: raid6 personality registered for level 6
[    4.818020] md: raid5 personality registered for level 5
[    4.819004] md: raid4 personality registered for level 4
[    4.826633] md: raid10 personality registered for level 10
done.
Begin: Running /scripts/init-premount ... done.
Begin: Mounting root file system ... Begin: Running /scripts/local-top ... done.
Begin: Running /scripts/local-premount ... [    4.857414] Btrfs loaded
Scanning for Btrfs filesystems
done.
Warning: fsck not present, so skipping root file system
[    4.886000] EXT4-fs (sda1): mounted filesystem with ordered data mode. Opts: (null)
done.
Begin: Running /scripts/local-bottom ... done.
Begin: Running /scripts/init-bottom ... done.
[    4.992479] systemd[1]: systemd 229 running in system mode. (+PAM +AUDIT +SELINUX +IMA +APPARMOR +SMACK +SYSVINIT +UTMP +LIBCRYPTSETUP +GCRYPT +GNUTLS +ACL +XZ -LZ4 +SECCOMP +BLKID +ELFUTILS +KMOD -IDN)
[    4.997249] systemd[1]: Detected virtualization oracle.
[    4.998664] systemd[1]: Detected architecture x86-64.

Welcome to [1mUbuntu 16.04.6 LTS[0m!

[    5.003304] systemd[1]: Set hostname to <ubuntu>.
[    5.008005] systemd[1]: Initializing machine ID from random generator.
[    5.009782] systemd[1]: Installed transient /etc/machine-id file.
[    5.160263] systemd[1]: Listening on Journal Socket.
[[0;32m  OK  [0m] Listening on Journal Socket.
[    5.168032] systemd[1]: Listening on Journal Socket (/dev/log).
[[0;32m  OK  [0m] Listening on Journal Socket (/dev/log).
[    5.169969] systemd[1]: Listening on udev Kernel Socket.
[[0;32m  OK  [0m] Listening on udev Kernel Socket.
[    5.171530] systemd[1]: Reached target Swap.
[[0;32m  OK  [0m] Reached target Swap.
[    5.172868] systemd[1]: Listening on /dev/initctl Compatibility Named Pipe.
[[0;32m  OK  [0m] Listening on /dev/initctl Compatibility Named Pipe.
[    5.174944] systemd[1]: Started Trigger resolvconf update for networkd DNS.
[[0;32m  OK  [0m] Started Trigger resolvconf update for networkd DNS.
[    5.177161] systemd[1]: Created slice User and Session Slice.
[[0;32m  OK  [0m] Created slice User and Session Slice.
[    5.178948] systemd[1]: Listening on udev Control Socket.
[[0;32m  OK  [0m] Listening on udev Control Socket.
[    5.180409] systemd[1]: Reached target User and Group Name Lookups.
[[0;32m  OK  [0m] Reached target User and Group Name Lookups.
[    5.182063] systemd[1]: Listening on LVM2 metadata daemon socket.
[[0;32m  OK  [0m] Listening on LVM2 metadata daemon socket.
[    5.183692] systemd[1]: Started Forward Password Requests to Wall Directory Watch.
[[0;32m  OK  [0m] Started Forward Password Requests to Wall Directory Watch.
[    5.185919] systemd[1]: Listening on Journal Audit Socket.
[[0;32m  OK  [0m] Listening on Journal Audit Socket.
[    5.187505] systemd[1]: Listening on LVM2 poll daemon socket.
[[0;32m  OK  [0m] Listening on LVM2 poll daemon socket.
[    5.189238] systemd[1]: Listening on Syslog Socket.
[[0;32m  OK  [0m] Listening on Syslog Socket.
[    5.190541] systemd[1]: Set up automount Arbitrary Executable File Formats File System Automount Point.
[[0;32m  OK  [0m] Set up automount Arbitrary Executab...ats File System Automount Point.
[    5.192911] systemd[1]: Reached target System Time Synchronized.
[[0;32m  OK  [0m] Reached target System Time Synchronized.
[    5.194564] systemd[1]: Created slice System Slice.
[[0;32m  OK  [0m] Created slice System Slice.
[    5.208056] systemd[1]: Starting Uncomplicated firewall...
         Starting Uncomplicated firewall...
[    5.210833] systemd[1]: Starting Set console keymap...
         Starting Set console keymap...
[    5.213323] systemd[1]: Starting Nameserver information manager...
         Starting Nameserver information manager...
[    5.215651] systemd[1]: Mounting Debug File System...
         Mounting Debug File System...
[    5.217790] systemd[1]: Starting Journal Service...
         Starting Journal Service...
[    5.219693] systemd[1]: Starting Create list of required static device nodes for the current kernel...
         Starting Create list of required st... nodes for the current kernel...
[    5.224236] systemd[1]: Mounting Huge Pages File System...
         Mounting Huge Pages File System...
[    5.226166] systemd[1]: Starting Remount Root and Kernel File Systems...
         Starting Remount Root and Kernel File Systems...
[    5.229830] systemd[1]: Starting Load Kernel Modules...
         Starting Load Kernel Modules...
[    5.231563] systemd[1]: Created slice system-serial\x2dgetty.slice.
[[0;32m  OK  [0m] Created slice system-serial\x2dgetty.slice.
[    5.233459] systemd[1]: Reached target Slices.
[[0;32m  OK  [0m] Reached target Slices.
[    5.236568] systemd[1]: Listening on Device-mapper event daemon FIFOs.
[[0;32m  OK  [0m] Listening on Device-mapper event daemon FIFOs.
[    5.239964] systemd[1]: Starting Monitoring of LVM2 mirrors, snapshots etc. using dmeventd or progress polling...
         Startin[    5.241805] EXT4-fs (sda1): re-mounted. Opts: (null)
g Monitoring of LVM2 mirrors... dmeventd or progress polling...
[    5.242915] systemd[1]: Reached target Encrypted Volumes.
[    5.242935] Loading iSCSI transport class v2.0-870.
[[0;32m  OK  [0m] Reached target Encrypted Volumes.
[    5.245810] systemd[1]: Mounting POSIX Message Queue File System...
         Mounting POSIX Message Queue File System...
[    5.248818] systemd[1]: Mounted POSIX Message Queue File System.
[[0;32m  OK  [0m] Mounted POSIX Message Queue File System.
[    5.251096] systemd[1]: Mounted Debug File System.
[[0;32m  OK  [0m] Mounted Debug File System.
[    5.252629] systemd[1]: Mounted Huge Pages File System.
[[0;32m  OK  [0m] Mounted Huge Pages File System.
[    5.254563] systemd[1]: Started Uncomplicated firewall.
[[0;32m  OK  [0m] Started Uncomplicated firewall.
[    5.259254] systemd[1]: Started Create list of required static device nodes for the current kernel.
[[0;32m  OK  [0m] Started Create list of required sta...ce nodes for the current kernel.
[    5.262190] systemd[1]: Started Remount Root and Kernel File Systems.
[[0;32m  OK  [0m] Started Remount Root and Kernel File Systems.
[    5.264218] systemd[1]: Started Nameserver information manager.
[[0;32m  OK  [0m] Started Nameserver information manager.
[    5.267765] iscsi: registered transport (tcp)
[    5.271033] systemd[1]: Started Journal Service.
[[0;32m  OK  [0m] Started Journal Service.
[[0;32m  OK  [0m] Started Set console keymap.
[    5.307753] iscsi: registered transport (iser)
[[0;32m  OK  [0m] Started LVM2 metadata daemon.
         Starting Flush Journal to Persistent Storage...
         Starting Load/Save Random Seed...
         Starting udev Coldplug all Devices...
         Starting Create Static Device Nodes in /dev...
[[0;32m  OK  [0m] Started Load Kernel Modules.
         Mounting FUSE Control File System...
         Starting Apply Kernel Variables...
[[0;32m  OK  [0m] Mounted FUSE Control File System.
[[0;32m  OK  [0m] Started Load/Save Random Seed.
[[0;32m  OK  [0m] Started Apply Kernel Variables.
[[0;32m  OK  [0m] Started Create Static Device Nodes in /dev.
[[0;32m  OK  [0m] Started Flush Journal to Persistent Storage.
         Starting udev Kernel Device Manager...
[[0;32m  OK  [0m] Started udev Coldplug all Devices.
[[0;32m  OK  [0m] Started udev Kernel Device Manager.
[[0;32m  OK  [0m] Started Dispatch Password Requests to Console Directory Watch.
[[0;32m  OK  [0m] Found device /dev/ttyS0.
[[0;32m  OK  [0m] Listening on Load/Save RF Kill Switch Status /dev/rfkill Watch.
[[0;32m  OK  [0m] Started Monitoring of LVM2 mirrors,...ng dmeventd or progress polling.
[[0;32m  OK  [0m] Reached target Local File Systems (Pre).
[[0;32m  OK  [0m] Reached target Local File Systems.
         Starting Initial cloud-init job (pre-networking)...
         Starting Set console font and keymap...
         Starting LSB: AppArmor initialization...
         Starting Commit a transient machine-id on disk...
         Starting Create Volatile Files and Directories...
         Starting Tell Plymouth To Write Out Runtime Data...
[[0;32m  OK  [0m] Started Create Volatile Files and Directories.
[[0;32m  OK  [0m] Started Tell Plymouth To Write Out Runtime Data.
[[0;32m  OK  [0m] Started Commit a transient machine-id on disk.
         Starting Update UTMP about System Boot/Shutdown...
[[0;32m  OK  [0m] Started Update UTMP about System Boot/Shutdown.
[[0;32m  OK  [0m] Started LSB: AppArmor initialization.
[[0;32m  OK  [0m] Started Set console font and keymap.
[[0;32m  OK  [0m] Created slice system-getty.slice.
[    6.462872] cloud-init[527]: Cloud-init v. 19.2-36-g059d049c-0ubuntu2~16.04.1 running 'init-local' at Mon, 11 Nov 2019 19:15:25 +0000. Up 6.04 seconds.
[[0;32m  OK  [0m] Started Initial cloud-init job (pre-networking).
[[0;32m  OK  [0m] Reached target Network (Pre).
         Starting Raise network interfaces...
[[0;32m  OK  [0m] Started Raise network interfaces.
[[0;32m  OK  [0m] Reached target Network.
         Starting Initial cloud-init job (metadata service crawler)...
[    7.568082] cloud-init[952]: Cloud-init v. 19.2-36-g059d049c-0ubuntu2~16.04.1 running 'init' at Mon, 11 Nov 2019 19:15:26 +0000. Up 6.92 seconds.
[    7.569852] cloud-init[952]: ci-info: ++++++++++++++++++++++++++++++++++++++Net device info++++++++++++++++++++++++++++++++++++++
[    7.571419] cloud-init[952]: ci-info: +--------+------+----------------------------+---------------+--------+-------------------+
[    7.572934] cloud-init[952]: ci-info: | Device |  Up  |          Address           |      Mask     | Scope  |     Hw-Address    |
[    7.574503] cloud-init[952]: ci-info: +--------+------+----------------------------+---------------+--------+-------------------+
[    7.576055] cloud-init[952]: ci-info: | enp0s3 | True |         10.0.2.15          | 255.255.255.0 | global | 02:ba:5f:3b:91:b0 |
[    7.577604] cloud-init[952]: ci-info: | enp0s3 | True | fe80::ba:5fff:fe3b:91b0/64 |       .       |  link  | 02:ba:5f:3b:91:b0 |
[    7.579092] cloud-init[952]: ci-info: |   lo   | True |         127.0.0.1          |   255.0.0.0   |  host  |         .         |
[    7.580593] cloud-init[952]: ci-info: |   lo   | True |          ::1/128           |       .       |  host  |         .         |
[    7.582056] cloud-init[952]: ci-info: +--------+------+----------------------------+---------------+--------+-------------------+
[    7.583565] cloud-init[952]: ci-info: +++++++++++++++++++++++++++Route IPv4 info++++++++++++++++++++++++++++
[    7.584865] cloud-init[952]: ci-info: +-------+-------------+----------+---------------+-----------+-------+
[    7.586102] cloud-init[952]: ci-info: | Route | Destination | Gateway  |    Genmask    | Interface | Flags |
[    7.587448] cloud-init[952]: ci-info: +-------+-------------+----------+---------------+-----------+-------+
[    7.588765] cloud-init[952]: ci-info: |   0   |   0.0.0.0   | 10.0.2.2 |    0.0.0.0    |   enp0s3  |   UG  |
[    7.590074] cloud-init[952]: ci-info: |   1   |   10.0.2.0  | 0.0.0.0  | 255.255.255.0 |   enp0s3  |   U   |
[    7.591435] cloud-init[952]: ci-info: +-------+-------------+----------+---------------+-----------+-------+
[    7.592741] cloud-init[952]: ci-info: +++++++++++++++++++Route IPv6 info+++++++++++++++++++
[    7.593737] cloud-init[952]: ci-info: +-------+-------------+---------+-----------+-------+
[    7.594642] cloud-init[952]: ci-info: | Route | Destination | Gateway | Interface | Flags |
[    7.595598] cloud-init[952]: ci-info: +-------+-------------+---------+-----------+-------+
[    7.596525] cloud-init[952]: ci-info: |   0   |  fe80::/64  |    ::   |   enp0s3  |   U   |
[    7.597460] cloud-init[952]: ci-info: |   3   |   ff00::/8  |    ::   |   enp0s3  |   U   |
[    7.598346] cloud-init[952]: ci-info: +-------+-------------+---------+-----------+-------+
[    7.599237] cloud-init[952]: Generating public/private rsa key pair.
[    7.599986] cloud-init[952]: Your identification has been saved in /etc/ssh/ssh_host_rsa_key.
[    7.601005] cloud-init[952]: Your public key has been saved in /etc/ssh/ssh_host_rsa_key.pub.
[    7.601986] cloud-init[952]: The key fingerprint is:
[    7.602654] cloud-init[952]: SHA256:0879b4l+InfWyh44f72xPSkGnMG9MnbiQVuU5gGn1FY root@ubuntu-xenial
[    7.603647] cloud-init[952]: The key's randomart image is:
[    7.604329] cloud-init[952]: +---[RSA 2048]----+
[    7.604953] cloud-init[952]: |           oo.oE |
[    7.605541] cloud-init[952]: |          . oB   |
[    7.606143] cloud-init[952]: |          ..* .  |
[    7.606667] cloud-init[952]: |         . + +   |
[    7.607330] cloud-init[952]: |        S + = .  |
[    7.607926] cloud-init[952]: |         + % +   |
[    7.608631] cloud-init[952]: |          = @ o.=|
[    7.609302] cloud-init[952]: |           o @ OO|
[    7.610046] cloud-init[952]: |            =o%B=|
[    7.610895] cloud-init[952]: +----[SHA256]-----+
[    7.611737] cloud-init[952]: Generating public/private dsa key pair.
[    7.612708] cloud-init[952]: Your identification has been saved in /etc/ssh/ssh_host_dsa_key.
[    7.613751] cloud-init[952]: Your public key has been saved in /etc/ssh/ssh_host_dsa_key.pub.
[    7.622259] cloud-init[952]: The key fingerprint is:
[    7.623041] cloud-init[952]: SHA256:0mnEeuI4Z3VxPmnaoipaRW4t/+C3gjXvK2ixXUAdZ+Y root@ubuntu-xenial
[    7.624044] cloud-init[952]: The key's randomart image is:
[    7.624680] cloud-init[952]: +---[DSA 1024]----+
[    7.625294] cloud-init[952]: |         ...+    |
[    7.625995] cloud-init[952]: |       .. .=     |
[    7.626697] cloud-init[952]: |      ..o . E    |
[    7.627280] cloud-init[952]: |     o =.. + .   |
[    7.627800] cloud-init[952]: |      O S.. =    |
[    7.628466] cloud-init[952]: |     =.Oo..+ .   |
[    7.629175] cloud-init[952]: |    + +Bo+o .    |
[    7.629919] cloud-init[952]: |   ..+=.++o.     |
[    7.630573] cloud-init[952]: |  .. o..o==o     |
[    7.636436] cloud-init[952]: +----[SHA256]-----+
[    7.638046] cloud-init[952]: Generating public/private ecdsa key pair.
[    7.639121] cloud-init[952]: Your identification has been saved in /etc/ssh/ssh_host_ecdsa_key.
[    7.640417] cloud-init[952]: Your public key has been saved in /etc/ssh/ssh_host_ecdsa_key.pub.
[    7.641847] cloud-init[952]: The key fingerprint is:
[    7.642971] cloud-init[952]: SHA256:UKqt6XL+NptPkClF7vvhN0XolKnLSPf0XNuRdzA1k5s root@ubuntu-xenial
[    7.644508] cloud-init[952]: The key's randomart image is:
[    7.645685] cloud-init[952]: +---[ECDSA 256]---+
[    7.646521] cloud-init[952]: |      . .       .|
[    7.647341] cloud-init[952]: |     o o       +.|
[    7.648164] cloud-init[952]: |      =    +   .=|
[    7.649005] cloud-init[952]: |     = +  = . oE |
[    7.649851] cloud-init[952]: |    o * S+ .   o.|
[    7.650829] cloud-init[952]: |     +.oo o . .oo|
[    7.650990] cloud-init[952]: |    o..+o+ + . o+|
[    7.651451] cloud-init[952]: |  ... +=o.+ o . .|
[    7.651803] cloud-init[952]: |   +oo+++. .     |
[    7.652402] cloud-init[952]: +----[SHA256]-----+
[    7.652688] cloud-init[952]: Generating public/private ed25519 key pair.
[    7.653037] cloud-init[952]: Your identification has been saved in /etc/ssh/ssh_host_ed25519_key.
[    7.653405] cloud-init[952]: Your public key has been saved in /etc/ssh/ssh_host_ed25519_key.pub.
[    7.653817] cloud-init[952]: The key fingerprint is:
[    7.654159] cloud-init[952]: SHA256:ifYMx+MdaWO1m++nCtkcVkNsdElYG8tJMoYTdCUe4sA root@ubuntu-xenial
[[0;32m  OK  [0m] Started Initial cloud-init job (metadata service crawler).
[    7.654558] cloud-init[952]: The key's randomart image is:
[    7.656805] cloud-init[952]: +--[ED25519 256]--+
[    7.657141] cloud-init[952]: |        ...+oXB*o|
[    7.657404] cloud-init[952]: |         Eoo=oXo=|
[    7.657799] cloud-init[952]: |           .ooo= |
[    7.658129] cloud-init[952]: |       o . o o . |
[    7.658494] cloud-init[952]: |      + S * +    |
[    7.658826] cloud-init[952]: |     . * = B +   |
[    7.659174] cloud-init[952]: |        + + =    |
[    7.659547] cloud-init[952]: |           . .  .|
[    7.659886] cloud-init[952]: |            .o+o |
[    7.660448] cloud-init[952]: +----[SHA256]-----+
[[0;32m  OK  [0m] Reached target System Initialization.
[[0;32m  OK  [0m] Started Daily Cleanup of Temporary Directories.
[[0;32m  OK  [0m] Listening on D-Bus System Message Bus Socket.
[[0;32m  OK  [0m] Listening on UUID daemon activation socket.
[[0;32m  OK  [0m] Started Daily apt download activities.
[[0;32m  OK  [0m] Started Daily apt upgrade and clean activities.
[[0;32m  OK  [0m] Listening on ACPID Listen Socket.
[[0;32m  OK  [0m] Started ACPI Events Check.
[[0;32m  OK  [0m] Reached target Paths.
[[0;32m  OK  [0m] Started Message of the Day.
[[0;32m  OK  [0m] Reached target Timers.
         Starting Socket activation for snappy daemon.
         Starting LXD - unix socket.
[[0;32m  OK  [0m] Reached target Network is Online.
         Starting iSCSI initiator daemon (iscsid)...
[[0;32m  OK  [0m] Reached target Cloud-config availability.
[[0;32m  OK  [0m] Listening on Socket activation for snappy daemon.
[[0;32m  OK  [0m] Listening on LXD - unix socket.
[[0;32m  OK  [0m] Reached target Sockets.
[[0;32m  OK  [0m] Reached target Basic System.
         Starting Accounts Service...
[[0;32m  OK  [0m] Started Regular background program processing daemon.
         Starting LSB: MD monitoring daemon...
         Starting LXD - container startup/shutdown...
[[0;32m  OK  [0m] Started FUSE filesystem for LXC.
         Starting Virtualbox guest utils...
         Starting LSB: Record successful boot for GRUB...
[[0;32m  OK  [0m] Started ACPI event daemon.
[[0;32m  OK  [0m] Started D-Bus System Message Bus.
         Starting Login Service...
         Starting /etc/rc.local Compatibility...
         Starting System Logging Service...
         Starting Pollinate to seed the pseudo random number generator...
[[0;32m  OK  [0m] Started Deferred execution scheduler.
         Starting Snappy daemon...
[[0;32m  OK  [0m] Started /etc/rc.local Compatibility.
[[0;32m  OK  [0m] Started iSCSI initiator daemon (iscsid).
[[0;32m  OK  [0m] Started System Logging Service.
[[0;32m  OK  [0m] Started LSB: MD monitoring daemon.
         Starting Authenticate and Authorize Users to Run Privileged Tasks...
         Starting Login to default iSCSI targets...
[[0;32m  OK  [0m] Started LSB: Record successful boot for GRUB.
[[0;32m  OK  [0m] Started Login Service.
[[0;32m  OK  [0m] Started Unattended Upgrades Shutdown.
[[0;32m  OK  [0m] Started Login to default iSCSI targets.
[[0;32m  OK  [0m] Reached target Remote File Systems (Pre).
[[0;32m  OK  [0m] Reached target Remote File Systems.
         Starting LSB: Set the CPU Frequency Scaling governor to "ondemand"...
         Starting Permit User Sessions...
         Starting LSB: automatic crash report generation...
         Starting LSB: daemon to balance interrupts for SMP systems...
[[0;32m  OK  [0m] Started Permit User Sessions.
[[0;32m  OK  [0m] Started Authenticate and Authorize Users to Run Privileged Tasks.
[[0;32m  OK  [0m] Started Accounts Service.
[[0;32m  OK  [0m] Started LSB: Set the CPU Frequency Scaling governor to "ondemand".
         Starting Terminate Plymouth Boot Screen...
         Starting Hold until boot process finishes up...
[[0;32m  OK  [0m] Started Hold until boot process finishes up.
[[0;32m  OK  [0m] Started Serial Getty on ttyS0.
[[0;32m  OK  [0m] Started Getty on tty1.
[[0;32m  OK  [0m] Reached target Login Prompts.
         Starting Set console scheme...
[[0;32m  OK  [0m] Started Terminate Plymouth Boot Screen.
[[0;32m  OK  [0m] Started Set console scheme.
[[0;32m  OK  [0m] Started Virtualbox guest utils.
[[0;32m  OK  [0m] Started LSB: automatic crash report generation.
[[0;32m  OK  [0m] Started LSB: daemon to balance interrupts for SMP systems.
[[0;32m  OK  [0m] Started LXD - container startup/shutdown.
[[0;32m  OK  [0m] Started Snappy daemon.
         Starting Wait until snapd is fully seeded...
[[0;32m  OK  [0m] Started Pollinate to seed the pseudo random number generator.
         Starting OpenBSD Secure Shell server...
[[0;32m  OK  [0m] Started OpenBSD Secure Shell server.
[[0;32m  OK  [0m] Started Wait until snapd is fully seeded.
         Starting Apply the settings specified in cloud-config...
[[0;32m  OK  [0m] Reached target Multi-User System.
[[0;32m  OK  [0m] Reached target Graphical Interface.
         Starting Update UTMP about System Runlevel Changes...
[[0;32m  OK  [0m] Started Update UTMP about System Runlevel Changes.
[    9.898430] cloud-init[1298]: Generating locales (this might take a while)...
[   10.529918] cloud-init[1298]:   en_US.UTF-8... done
[   10.530723] cloud-init[1298]: Generation complete.
[   10.784000] cloud-init[1298]: Cloud-init v. 19.2-36-g059d049c-0ubuntu2~16.04.1 running 'modules:config' at Mon, 11 Nov 2019 19:15:29 +0000. Up 9.82 seconds.
[[0;32m  OK  [0m] Started Apply the settings specified in cloud-config.
         Starting Execute cloud user/final scripts...
ci-info: no authorized ssh keys fingerprints found for user ubuntu.
<14>Nov 11 19:15:30 ec2: 
<14>Nov 11 19:15:30 ec2: #############################################################
<14>Nov 11 19:15:30 ec2: -----BEGIN SSH HOST KEY FINGERPRINTS-----
<14>Nov 11 19:15:30 ec2: 1024 SHA256:0mnEeuI4Z3VxPmnaoipaRW4t/+C3gjXvK2ixXUAdZ+Y root@ubuntu-xenial (DSA)
<14>Nov 11 19:15:30 ec2: 256 SHA256:UKqt6XL+NptPkClF7vvhN0XolKnLSPf0XNuRdzA1k5s root@ubuntu-xenial (ECDSA)
<14>Nov 11 19:15:30 ec2: 256 SHA256:ifYMx+MdaWO1m++nCtkcVkNsdElYG8tJMoYTdCUe4sA root@ubuntu-xenial (ED25519)
<14>Nov 11 19:15:30 ec2: 2048 SHA256:0879b4l+InfWyh44f72xPSkGnMG9MnbiQVuU5gGn1FY root@ubuntu-xenial (RSA)
<14>Nov 11 19:15:30 ec2: -----END SSH HOST KEY FINGERPRINTS-----
<14>Nov 11 19:15:30 ec2: #############################################################
-----BEGIN SSH HOST KEY KEYS-----
ecdsa-sha2-nistp256 AAAAE2VjZHNhLXNoYTItbmlzdHAyNTYAAAAIbmlzdHAyNTYAAABBBAsd/5LkxvbDkBW8c0jL2QvyqSrntISwg/cwjatbNvN8PToBcbX7rFM6BJZNXkJpuzE/eTzr7mRZYD8ggg+F2VM= root@ubuntu-xenial
ssh-ed25519 AAAAC3NzaC1lZDI1NTE5AAAAIHlcN+Se8dPuoGLufLF1/uUEMt6+hcprH9Yeh2rp26ks root@ubuntu-xenial
ssh-rsa AAAAB3NzaC1yc2EAAAADAQABAAABAQDdJqwzGJFYcPvNQ6bxpAHo2ivoKQZnM0/5tVOURlJImEZx7L7agUTgvYcC+eokK+38DICXTXtVE6bNGB75tEZd6BknnQq3iGO0x6PxByGcBppNGZi9ArNlY1z9brAYSuQZZQa6Vn/HZ5beIw1gmRhfWpooVW2BRHJZNbdoPu5cARS0LWYxCWcE5F9fXm3QALrC5wdjIOBMmMRAGOn9SLdcS0Lqkkh1hkLSL7WfB/hxaEF7daKO1v/KqR8upGOYI0591b1aHm84+DoldeD89mVq/wjtI57j0/6qnm0QznAPOu3wbdY3rQ1DxlBzW3E/dR2jlPelOtIeouzRB/u6RWKz root@ubuntu-xenial
-----END SSH HOST KEY KEYS-----
[   11.149392] cloud-init[1340]: Cloud-init v. 19.2-36-g059d049c-0ubuntu2~16.04.1 running 'modules:final' at Mon, 11 Nov 2019 19:15:30 +0000. Up 11.03 seconds.
[   11.151281] cloud-init[1340]: ci-info: no authorized ssh keys fingerprints found for user ubuntu.
[   11.152591] cloud-init[1340]: Cloud-init v. 19.2-36-g059d049c-0ubuntu2~16.04.1 finished at Mon, 11 Nov 2019 19:15:30 +0000. Datasource DataSourceNoCloud [seed=/dev/sdb][dsmode=net].  Up 11.14 seconds
[[0;32m  OK  [0m] Started Execute cloud user/final scripts.
[[0;32m  OK  [0m] Reached target Cloud-init target.

Ubuntu 16.04.6 LTS ubuntu-xenial ttyS0

ubuntu-xenial login: 